2022-09-05 15:06:17.738  INFO DESKTOP-N3LRL61 --- o.h.v.i.u.Version                        : HV000001: Hibernate Validator 6.2.3.Final
2022-09-05 15:06:17.807  INFO DESKTOP-N3LRL61 --- c.c.h.ApplicationTests                   : Starting ApplicationTests using Java 1.8.0_201 on DESKTOP-N3LRL61 with PID 5448 (started by HP in D:\dev\cltech-backened)
2022-09-05 15:06:17.826  INFO DESKTOP-N3LRL61 --- c.c.h.ApplicationTests                   : The following 1 profile is active: "dev"
2022-09-05 15:06:19.935  INFO DESKTOP-N3LRL61 --- .s.d.r.c.RepositoryConfigurationDelegate : Bootstrapping Spring Data JPA repositories in DEFAULT mode.
2022-09-05 15:06:20.350  INFO DESKTOP-N3LRL61 --- .s.d.r.c.RepositoryConfigurationDelegate : Finished Spring Data repository scanning in 396 ms. Found 10 JPA repository interfaces.
2022-09-05 15:06:21.475  INFO DESKTOP-N3LRL61 --- trationDelegate$BeanPostProcessorChecker : Bean 'org.springframework.ws.config.annotation.DelegatingWsConfiguration' of type [org.springframework.ws.config.annotation.DelegatingWsConfiguration$$EnhancerBySpringCGLIB$$6ccec1ca] is not eligible for getting processed by all BeanPostProcessors (for example: not eligible for auto-proxying)
2022-09-05 15:06:21.598  INFO DESKTOP-N3LRL61 --- .w.s.a.s.AnnotationActionEndpointMapping : Supporting [WS-Addressing August 2004, WS-Addressing 1.0]
2022-09-05 15:06:22.514  INFO DESKTOP-N3LRL61 --- o.h.j.i.u.LogHelper                      : HHH000204: Processing PersistenceUnitInfo [name: default]
2022-09-05 15:06:22.723  INFO DESKTOP-N3LRL61 --- o.h.Version                              : HHH000412: Hibernate ORM core version 5.6.9.Final
2022-09-05 15:06:23.321  INFO DESKTOP-N3LRL61 --- o.h.a.c.Version                          : HCANN000001: Hibernate Commons Annotations {5.1.2.Final}
2022-09-05 15:06:24.052  INFO DESKTOP-N3LRL61 --- c.z.h.HikariDataSource                   : HikariPool-1 - Starting...
2022-09-05 15:06:25.784  INFO DESKTOP-N3LRL61 --- c.z.h.HikariDataSource                   : HikariPool-1 - Start completed.
2022-09-05 15:06:25.831  INFO DESKTOP-N3LRL61 --- o.h.d.Dialect                            : HHH000400: Using dialect: org.hibernate.dialect.MySQL8Dialect
2022-09-05 15:06:29.083  INFO DESKTOP-N3LRL61 --- o.h.e.t.j.p.i.JtaPlatformInitiator       : HHH000490: Using JtaPlatform implementation: [org.hibernate.engine.transaction.jta.platform.internal.NoJtaPlatform]
2022-09-05 15:06:29.106  INFO DESKTOP-N3LRL61 --- j.LocalContainerEntityManagerFactoryBean : Initialized JPA EntityManagerFactory for persistence unit 'default'
2022-09-05 15:06:32.207  WARN DESKTOP-N3LRL61 --- JpaBaseConfiguration$JpaWebConfiguration : spring.jpa.open-in-view is enabled by default. Therefore, database queries may be performed during view rendering. Explicitly configure spring.jpa.open-in-view to disable this warning
2022-09-05 15:06:33.830  INFO DESKTOP-N3LRL61 --- o.s.s.w.DefaultSecurityFilterChain       : Will secure any request with [org.springframework.security.web.session.DisableEncodeUrlFilter@32b1e906, org.springframework.security.web.context.request.async.WebAsyncManagerIntegrationFilter@33e6bd36, org.springframework.security.web.context.SecurityContextPersistenceFilter@45b6c666, org.springframework.security.web.header.HeaderWriterFilter@2d34866a, org.springframework.web.filter.CorsFilter@6e1d9b32, org.springframework.security.web.authentication.logout.LogoutFilter@507f7cd1, org.springframework.security.web.authentication.www.BasicAuthenticationFilter@58b5d5fc, org.springframework.security.web.savedrequest.RequestCacheAwareFilter@7fc56d61, org.springframework.security.web.servletapi.SecurityContextHolderAwareRequestFilter@6074d638, org.springframework.security.web.authentication.AnonymousAuthenticationFilter@2db6ba81, org.springframework.security.web.session.SessionManagementFilter@3bc3d70e, org.springframework.security.web.access.ExceptionTranslationFilter@15ee8861, org.springframework.security.web.access.intercept.FilterSecurityInterceptor@729a9c3d]
2022-09-05 15:06:35.686  INFO DESKTOP-N3LRL61 --- c.c.h.ApplicationTests                   : Started ApplicationTests in 18.675 seconds (JVM running for 21.376)
2022-09-05 15:06:36.078  INFO DESKTOP-N3LRL61 --- j.LocalContainerEntityManagerFactoryBean : Closing JPA EntityManagerFactory for persistence unit 'default'
2022-09-05 15:06:36.082  INFO DESKTOP-N3LRL61 --- c.z.h.HikariDataSource                   : HikariPool-1 - Shutdown initiated...
2022-09-05 15:06:36.111  INFO DESKTOP-N3LRL61 --- c.z.h.HikariDataSource                   : HikariPool-1 - Shutdown completed.
2022-09-05 15:06:59.247  INFO DESKTOP-N3LRL61 --- o.h.v.i.u.Version                        : HV000001: Hibernate Validator 6.2.3.Final
2022-09-05 15:06:59.321  INFO DESKTOP-N3LRL61 --- c.c.h.HrmsApplication                    : Starting HrmsApplication using Java 1.8.0_201 on DESKTOP-N3LRL61 with PID 12644 (D:\dev\cltech-backened\target\classes started by HP in D:\dev\cltech-backened)
2022-09-05 15:06:59.327  INFO DESKTOP-N3LRL61 --- c.c.h.HrmsApplication                    : The following 1 profile is active: "dev"
2022-09-05 15:06:59.424  INFO DESKTOP-N3LRL61 --- .e.DevToolsPropertyDefaultsPostProcessor : Devtools property defaults active! Set 'spring.devtools.add-properties' to 'false' to disable
2022-09-05 15:06:59.424  INFO DESKTOP-N3LRL61 --- .e.DevToolsPropertyDefaultsPostProcessor : For additional web related logging consider setting the 'logging.level.web' property to 'DEBUG'
2022-09-05 15:07:00.467  INFO DESKTOP-N3LRL61 --- .s.d.r.c.RepositoryConfigurationDelegate : Bootstrapping Spring Data JPA repositories in DEFAULT mode.
2022-09-05 15:07:00.635  INFO DESKTOP-N3LRL61 --- .s.d.r.c.RepositoryConfigurationDelegate : Finished Spring Data repository scanning in 152 ms. Found 10 JPA repository interfaces.
2022-09-05 15:07:01.576  INFO DESKTOP-N3LRL61 --- trationDelegate$BeanPostProcessorChecker : Bean 'org.springframework.ws.config.annotation.DelegatingWsConfiguration' of type [org.springframework.ws.config.annotation.DelegatingWsConfiguration$$EnhancerBySpringCGLIB$$41473f0f] is not eligible for getting processed by all BeanPostProcessors (for example: not eligible for auto-proxying)
2022-09-05 15:07:01.625  INFO DESKTOP-N3LRL61 --- .w.s.a.s.AnnotationActionEndpointMapping : Supporting [WS-Addressing August 2004, WS-Addressing 1.0]
2022-09-05 15:07:02.171  INFO DESKTOP-N3LRL61 --- o.s.b.w.e.t.TomcatWebServer              : Tomcat initialized with port(s): 8082 (http)
2022-09-05 15:07:02.201  INFO DESKTOP-N3LRL61 --- o.a.c.h.Http11NioProtocol                : Initializing ProtocolHandler ["http-nio-8082"]
2022-09-05 15:07:02.202  INFO DESKTOP-N3LRL61 --- o.a.c.c.StandardService                  : Starting service [Tomcat]
2022-09-05 15:07:02.202  INFO DESKTOP-N3LRL61 --- o.a.c.c.StandardEngine                   : Starting Servlet engine: [Apache Tomcat/9.0.64]
2022-09-05 15:07:02.365  INFO DESKTOP-N3LRL61 --- o.a.c.c.C.[.[.[/cltech]                  : Initializing Spring embedded WebApplicationContext
2022-09-05 15:07:02.365  INFO DESKTOP-N3LRL61 --- w.s.c.ServletWebServerApplicationContext : Root WebApplicationContext: initialization completed in 2940 ms
2022-09-05 15:07:02.651  INFO DESKTOP-N3LRL61 --- o.h.j.i.u.LogHelper                      : HHH000204: Processing PersistenceUnitInfo [name: default]
2022-09-05 15:07:02.742  INFO DESKTOP-N3LRL61 --- o.h.Version                              : HHH000412: Hibernate ORM core version 5.6.9.Final
2022-09-05 15:07:02.980  INFO DESKTOP-N3LRL61 --- o.h.a.c.Version                          : HCANN000001: Hibernate Commons Annotations {5.1.2.Final}
2022-09-05 15:07:03.143  INFO DESKTOP-N3LRL61 --- c.z.h.HikariDataSource                   : HikariPool-1 - Starting...
2022-09-05 15:07:03.816  INFO DESKTOP-N3LRL61 --- c.z.h.HikariDataSource                   : HikariPool-1 - Start completed.
2022-09-05 15:07:03.851  INFO DESKTOP-N3LRL61 --- o.h.d.Dialect                            : HHH000400: Using dialect: org.hibernate.dialect.MySQL8Dialect
2022-09-05 15:07:05.615  INFO DESKTOP-N3LRL61 --- o.h.e.t.j.p.i.JtaPlatformInitiator       : HHH000490: Using JtaPlatform implementation: [org.hibernate.engine.transaction.jta.platform.internal.NoJtaPlatform]
2022-09-05 15:07:05.631  INFO DESKTOP-N3LRL61 --- j.LocalContainerEntityManagerFactoryBean : Initialized JPA EntityManagerFactory for persistence unit 'default'
2022-09-05 15:07:07.171  WARN DESKTOP-N3LRL61 --- JpaBaseConfiguration$JpaWebConfiguration : spring.jpa.open-in-view is enabled by default. Therefore, database queries may be performed during view rendering. Explicitly configure spring.jpa.open-in-view to disable this warning
2022-09-05 15:07:07.916  INFO DESKTOP-N3LRL61 --- o.s.s.w.DefaultSecurityFilterChain       : Will secure any request with [org.springframework.security.web.session.DisableEncodeUrlFilter@91da3da, org.springframework.security.web.context.request.async.WebAsyncManagerIntegrationFilter@1b1b01dc, org.springframework.security.web.context.SecurityContextPersistenceFilter@7970434a, org.springframework.security.web.header.HeaderWriterFilter@f6a4a85, org.springframework.web.filter.CorsFilter@2d94627b, org.springframework.security.web.authentication.logout.LogoutFilter@2290c281, org.springframework.security.web.authentication.www.BasicAuthenticationFilter@21f392da, org.springframework.security.web.savedrequest.RequestCacheAwareFilter@206bcb52, org.springframework.security.web.servletapi.SecurityContextHolderAwareRequestFilter@60e32b3b, org.springframework.security.web.authentication.AnonymousAuthenticationFilter@2f58fc17, org.springframework.security.web.session.SessionManagementFilter@65ac7df5, org.springframework.security.web.access.ExceptionTranslationFilter@5c4375ce, org.springframework.security.web.access.intercept.FilterSecurityInterceptor@73bc8ab1]
2022-09-05 15:07:08.593  INFO DESKTOP-N3LRL61 --- o.s.b.d.a.OptionalLiveReloadServer       : LiveReload server is running on port 35729
2022-09-05 15:07:08.635  INFO DESKTOP-N3LRL61 --- o.a.c.h.Http11NioProtocol                : Starting ProtocolHandler ["http-nio-8082"]
2022-09-05 15:07:08.698  INFO DESKTOP-N3LRL61 --- o.s.b.w.e.t.TomcatWebServer              : Tomcat started on port(s): 8082 (http) with context path '/cltech'
2022-09-05 15:07:08.715  INFO DESKTOP-N3LRL61 --- c.c.h.HrmsApplication                    : Started HrmsApplication in 10.386 seconds (JVM running for 13.012)
2022-09-05 15:08:00.667  INFO DESKTOP-N3LRL61 --- o.a.c.c.C.[.[.[/cltech]                  : Initializing Spring DispatcherServlet 'dispatcherServlet'
2022-09-05 15:08:00.667  INFO DESKTOP-N3LRL61 --- o.s.w.s.DispatcherServlet                : Initializing Servlet 'dispatcherServlet'
2022-09-05 15:08:00.670  INFO DESKTOP-N3LRL61 --- o.s.w.s.DispatcherServlet                : Completed initialization in 3 ms
2022-09-05 17:17:34.378  WARN DESKTOP-N3LRL61 --- c.z.h.p.HikariPool                       : HikariPool-1 - Thread starvation or clock leap detected (housekeeper delta=1h39m29s936ms388µs200ns).
2022-09-05 22:13:23.001  INFO DESKTOP-N3LRL61 --- o.h.v.i.u.Version                        : HV000001: Hibernate Validator 6.2.3.Final
2022-09-05 22:13:23.183  INFO DESKTOP-N3LRL61 --- c.c.h.HrmsApplication                    : Starting HrmsApplication using Java 1.8.0_201 on DESKTOP-N3LRL61 with PID 4904 (D:\dev\cltech-backened\target\classes started by HP in D:\dev\cltech-backened)
2022-09-05 22:13:23.193  INFO DESKTOP-N3LRL61 --- c.c.h.HrmsApplication                    : The following 1 profile is active: "dev"
2022-09-05 22:13:23.351  INFO DESKTOP-N3LRL61 --- .e.DevToolsPropertyDefaultsPostProcessor : Devtools property defaults active! Set 'spring.devtools.add-properties' to 'false' to disable
2022-09-05 22:13:23.351  INFO DESKTOP-N3LRL61 --- .e.DevToolsPropertyDefaultsPostProcessor : For additional web related logging consider setting the 'logging.level.web' property to 'DEBUG'
2022-09-05 22:13:29.624  INFO DESKTOP-N3LRL61 --- .s.d.r.c.RepositoryConfigurationDelegate : Bootstrapping Spring Data JPA repositories in DEFAULT mode.
2022-09-05 22:13:31.381  INFO DESKTOP-N3LRL61 --- .s.d.r.c.RepositoryConfigurationDelegate : Finished Spring Data repository scanning in 415 ms. Found 10 JPA repository interfaces.
2022-09-05 22:13:33.518  INFO DESKTOP-N3LRL61 --- trationDelegate$BeanPostProcessorChecker : Bean 'org.springframework.ws.config.annotation.DelegatingWsConfiguration' of type [org.springframework.ws.config.annotation.DelegatingWsConfiguration$$EnhancerBySpringCGLIB$$45b710db] is not eligible for getting processed by all BeanPostProcessors (for example: not eligible for auto-proxying)
2022-09-05 22:13:33.637  INFO DESKTOP-N3LRL61 --- .w.s.a.s.AnnotationActionEndpointMapping : Supporting [WS-Addressing August 2004, WS-Addressing 1.0]
2022-09-05 22:13:34.800  INFO DESKTOP-N3LRL61 --- o.s.b.w.e.t.TomcatWebServer              : Tomcat initialized with port(s): 8082 (http)
2022-09-05 22:13:34.851  INFO DESKTOP-N3LRL61 --- o.a.c.h.Http11NioProtocol                : Initializing ProtocolHandler ["http-nio-8082"]
2022-09-05 22:13:34.852  INFO DESKTOP-N3LRL61 --- o.a.c.c.StandardService                  : Starting service [Tomcat]
2022-09-05 22:13:34.853  INFO DESKTOP-N3LRL61 --- o.a.c.c.StandardEngine                   : Starting Servlet engine: [Apache Tomcat/9.0.64]
2022-09-05 22:13:35.146  INFO DESKTOP-N3LRL61 --- o.a.c.c.C.[.[.[/cltech]                  : Initializing Spring embedded WebApplicationContext
2022-09-05 22:13:35.146  INFO DESKTOP-N3LRL61 --- w.s.c.ServletWebServerApplicationContext : Root WebApplicationContext: initialization completed in 11794 ms
2022-09-05 22:13:35.848  INFO DESKTOP-N3LRL61 --- o.h.j.i.u.LogHelper                      : HHH000204: Processing PersistenceUnitInfo [name: default]
2022-09-05 22:13:36.290  INFO DESKTOP-N3LRL61 --- o.h.Version                              : HHH000412: Hibernate ORM core version 5.6.9.Final
2022-09-05 22:13:37.232  INFO DESKTOP-N3LRL61 --- o.h.a.c.Version                          : HCANN000001: Hibernate Commons Annotations {5.1.2.Final}
2022-09-05 22:13:37.614  INFO DESKTOP-N3LRL61 --- c.z.h.HikariDataSource                   : HikariPool-1 - Starting...
2022-09-05 22:13:39.080  INFO DESKTOP-N3LRL61 --- c.z.h.HikariDataSource                   : HikariPool-1 - Start completed.
2022-09-05 22:13:39.150  INFO DESKTOP-N3LRL61 --- o.h.d.Dialect                            : HHH000400: Using dialect: org.hibernate.dialect.MySQL8Dialect
2022-09-05 22:13:42.757  INFO DESKTOP-N3LRL61 --- o.h.e.t.j.p.i.JtaPlatformInitiator       : HHH000490: Using JtaPlatform implementation: [org.hibernate.engine.transaction.jta.platform.internal.NoJtaPlatform]
2022-09-05 22:13:42.786  INFO DESKTOP-N3LRL61 --- j.LocalContainerEntityManagerFactoryBean : Initialized JPA EntityManagerFactory for persistence unit 'default'
2022-09-05 22:13:45.845  WARN DESKTOP-N3LRL61 --- JpaBaseConfiguration$JpaWebConfiguration : spring.jpa.open-in-view is enabled by default. Therefore, database queries may be performed during view rendering. Explicitly configure spring.jpa.open-in-view to disable this warning
2022-09-05 22:13:46.757  INFO DESKTOP-N3LRL61 --- o.s.s.w.DefaultSecurityFilterChain       : Will secure any request with [org.springframework.security.web.session.DisableEncodeUrlFilter@661d2d65, org.springframework.security.web.context.request.async.WebAsyncManagerIntegrationFilter@698bf36c, org.springframework.security.web.context.SecurityContextPersistenceFilter@5fa15995, org.springframework.security.web.header.HeaderWriterFilter@39963ffd, org.springframework.web.filter.CorsFilter@49f4c1b4, org.springframework.security.web.authentication.logout.LogoutFilter@37aa8b99, org.springframework.security.web.authentication.www.BasicAuthenticationFilter@4db20be8, org.springframework.security.web.savedrequest.RequestCacheAwareFilter@21742750, org.springframework.security.web.servletapi.SecurityContextHolderAwareRequestFilter@1b5de74, org.springframework.security.web.authentication.AnonymousAuthenticationFilter@2ed1a66a, org.springframework.security.web.session.SessionManagementFilter@6b8a0eb, org.springframework.security.web.access.ExceptionTranslationFilter@48035b6b, org.springframework.security.web.access.intercept.FilterSecurityInterceptor@2b4778e]
2022-09-05 22:13:47.869  INFO DESKTOP-N3LRL61 --- o.s.b.d.a.OptionalLiveReloadServer       : LiveReload server is running on port 35729
2022-09-05 22:13:47.918  INFO DESKTOP-N3LRL61 --- o.a.c.h.Http11NioProtocol                : Starting ProtocolHandler ["http-nio-8082"]
2022-09-05 22:13:47.977  INFO DESKTOP-N3LRL61 --- o.s.b.w.e.t.TomcatWebServer              : Tomcat started on port(s): 8082 (http) with context path '/cltech'
2022-09-05 22:13:47.998  INFO DESKTOP-N3LRL61 --- c.c.h.HrmsApplication                    : Started HrmsApplication in 27.68 seconds (JVM running for 32.062)
2022-09-05 22:15:47.655  INFO DESKTOP-N3LRL61 --- o.a.c.c.C.[.[.[/cltech]                  : Initializing Spring DispatcherServlet 'dispatcherServlet'
2022-09-05 22:15:47.656  INFO DESKTOP-N3LRL61 --- o.s.w.s.DispatcherServlet                : Initializing Servlet 'dispatcherServlet'
2022-09-05 22:15:47.660  INFO DESKTOP-N3LRL61 --- o.s.w.s.DispatcherServlet                : Completed initialization in 4 ms
